<?xml version="1.0" encoding="UTF-8"?>
<!-- Generated by org.testng.reporters.JUnitXMLReporter -->
<testsuite hostname="D103260" name="Webjourney" tests="11" failures="8" timestamp="14 Aug 2012 18:07:15 GMT" time="163.234" errors="0">
  <testcase name="A_WebJourney1" time="41.712" classname="ACS_CRMN.WebJourney"/>
  <testcase name="B_CheckProfile" time="6.18" classname="ACS_CRMN.WebJourney">
    <failure type="org.json.JSONException" message="A JSONObject text must begin with &amp;apos;{&amp;apos; at character 1">
      <![CDATA[org.json.JSONException: A JSONObject text must begin with '{' at character 1
	at org.json.JSONTokener.syntaxError(JSONTokener.java:496)
	at org.json.JSONObject.<init>(JSONObject.java:180)
	at org.json.JSONObject.<init>(JSONObject.java:403)
	at ACS_CRMN.AcsCalls.custProfile(AcsCalls.java:23)
	at ACS_CRMN.WebJourney.B_CheckProfile(WebJourney.java:39)
... Removed 24 stack frames]]>
    </failure>
  </testcase> <!-- B_CheckProfile -->
  <testcase name="C_WebJourney2" time="11.713" classname="ACS_CRMN.WebJourney"/>
  <testcase name="D_CheckEntitlement" time="0.384" classname="ACS_CRMN.WebJourney">
    <failure type="org.json.JSONException" message="A JSONObject text must begin with &amp;apos;{&amp;apos; at character 1">
      <![CDATA[org.json.JSONException: A JSONObject text must begin with '{' at character 1
	at org.json.JSONTokener.syntaxError(JSONTokener.java:496)
	at org.json.JSONObject.<init>(JSONObject.java:180)
	at org.json.JSONObject.<init>(JSONObject.java:403)
	at ACS_CRMN.AcsCalls.custEntitlements(AcsCalls.java:55)
	at ACS_CRMN.WebJourney.D_CheckEntitlement(WebJourney.java:61)
... Removed 24 stack frames]]>
    </failure>
  </testcase> <!-- D_CheckEntitlement -->
  <testcase name="E_WebJourneyEdit" time="53.524" classname="ACS_CRMN.WebJourney"/>
  <testcase name="F_checkProfile" time="5.195" classname="ACS_CRMN.WebJourney">
    <failure type="org.json.JSONException" message="A JSONObject text must begin with &amp;apos;{&amp;apos; at character 1">
      <![CDATA[org.json.JSONException: A JSONObject text must begin with '{' at character 1
	at org.json.JSONTokener.syntaxError(JSONTokener.java:496)
	at org.json.JSONObject.<init>(JSONObject.java:180)
	at org.json.JSONObject.<init>(JSONObject.java:403)
	at ACS_CRMN.AcsCalls.custProfile(AcsCalls.java:23)
	at ACS_CRMN.WebJourney.F_checkProfile(WebJourney.java:81)
... Removed 24 stack frames]]>
    </failure>
  </testcase> <!-- F_checkProfile -->
  <testcase name="G_CheckEntitlement" time="0.153" classname="ACS_CRMN.WebJourney">
    <failure type="org.json.JSONException" message="A JSONObject text must begin with &amp;apos;{&amp;apos; at character 1">
      <![CDATA[org.json.JSONException: A JSONObject text must begin with '{' at character 1
	at org.json.JSONTokener.syntaxError(JSONTokener.java:496)
	at org.json.JSONObject.<init>(JSONObject.java:180)
	at org.json.JSONObject.<init>(JSONObject.java:403)
	at ACS_CRMN.AcsCalls.custEntitlements(AcsCalls.java:55)
	at ACS_CRMN.WebJourney.G_CheckEntitlement(WebJourney.java:91)
... Removed 24 stack frames]]>
    </failure>
  </testcase> <!-- G_CheckEntitlement -->
  <testcase name="A_custCreation" time="0.0" classname="ACS_CRMN.CSRjourney">
    <failure type="java.lang.NullPointerException">
      <![CDATA[java.lang.NullPointerException
	at ACS_CRMN.CSRBaseClass.custCreation(CSRBaseClass.java:63)
	at ACS_CRMN.CSRjourney.A_custCreation(CSRjourney.java:26)
... Removed 24 stack frames]]>
    </failure>
  </testcase> <!-- A_custCreation -->
  <testcase name="B_custBankDetails" time="0.0010" classname="ACS_CRMN.CSRjourney">
    <failure type="java.lang.NullPointerException">
      <![CDATA[java.lang.NullPointerException
	at ACS_CRMN.CSRBaseClass.BankDetails(CSRBaseClass.java:114)
	at ACS_CRMN.CSRjourney.B_custBankDetails(CSRjourney.java:31)
... Removed 24 stack frames]]>
    </failure>
  </testcase> <!-- B_custBankDetails -->
  <testcase name="C_CheckProfile" time="5.157" classname="ACS_CRMN.CSRjourney">
    <failure type="org.json.JSONException" message="A JSONObject text must begin with &amp;apos;{&amp;apos; at character 1">
      <![CDATA[org.json.JSONException: A JSONObject text must begin with '{' at character 1
	at org.json.JSONTokener.syntaxError(JSONTokener.java:496)
	at org.json.JSONObject.<init>(JSONObject.java:180)
	at org.json.JSONObject.<init>(JSONObject.java:403)
	at ACS_CRMN.AcsCalls.custProfile(AcsCalls.java:23)
	at ACS_CRMN.CSRjourney.C_CheckProfile(CSRjourney.java:44)
... Removed 24 stack frames]]>
    </failure>
  </testcase> <!-- C_CheckProfile -->
  <testcase name="D_CheckEntitlement" time="5.127" classname="ACS_CRMN.CSRjourney">
    <failure type="org.json.JSONException" message="A JSONObject text must begin with &amp;apos;{&amp;apos; at character 1">
      <![CDATA[org.json.JSONException: A JSONObject text must begin with '{' at character 1
	at org.json.JSONTokener.syntaxError(JSONTokener.java:496)
	at org.json.JSONObject.<init>(JSONObject.java:180)
	at org.json.JSONObject.<init>(JSONObject.java:403)
	at ACS_CRMN.AcsCalls.custEntitlements(AcsCalls.java:55)
	at ACS_CRMN.CSRjourney.D_CheckEntitlement(CSRjourney.java:57)
... Removed 24 stack frames]]>
    </failure>
  </testcase> <!-- D_CheckEntitlement -->
</testsuite> <!-- Webjourney -->
