<?xml version="1.0" encoding="UTF-8" ?>
<testsuite failures="14" time="76.539" errors="0" skipped="0" tests="14" name="TestSuite">
  <properties>
[...]
</properties>
  <testcase time="11.054" classname="ACS_CRMN.CSRjourney" name="A_custCreation">
    <failure message="Error communicating with the remote browser. It may have died.
Build info: version: &apos;unknown&apos;, revision: &apos;unknown&apos;, time: &apos;unknown&apos;
System info: os.name: &apos;Windows 7&apos;, os.arch: &apos;x86&apos;, os.version: &apos;6.1&apos;, java.version: &apos;1.7.0_06&apos;
Driver info: driver.version: RemoteWebDriver" type="org.openqa.selenium.remote.UnreachableBrowserException">org.openqa.selenium.remote.UnreachableBrowserException: Error communicating with the remote browser. It may have died.
Build info: version: &apos;unknown&apos;, revision: &apos;unknown&apos;, time: &apos;unknown&apos;
System info: os.name: &apos;Windows 7&apos;, os.arch: &apos;x86&apos;, os.version: &apos;6.1&apos;, java.version: &apos;1.7.0_06&apos;
Driver info: driver.version: RemoteWebDriver
	at org.openqa.selenium.remote.RemoteWebDriver.execute(RemoteWebDriver.java:467)
	at org.openqa.selenium.remote.RemoteWebDriver.findElement(RemoteWebDriver.java:242)
	at org.openqa.selenium.remote.RemoteWebDriver.findElementById(RemoteWebDriver.java:271)
	at org.openqa.selenium.By$ById.findElement(By.java:215)
	at org.openqa.selenium.remote.RemoteWebDriver.findElement(RemoteWebDriver.java:234)
	at ACS_CRMN.CSRBaseClass.custCreation(CSRBaseClass.java:53)
	at ACS_CRMN.CSRjourney.A_custCreation(CSRjourney.java:24)
Caused by: org.apache.http.conn.HttpHostConnectException: Connection to http://127.0.0.1:7055 refused
	at org.apache.http.impl.conn.DefaultClientConnectionOperator.openConnection(DefaultClientConnectionOperator.java:158)
	at org.apache.http.impl.conn.AbstractPoolEntry.open(AbstractPoolEntry.java:149)
	at org.apache.http.impl.conn.AbstractPooledConnAdapter.open(AbstractPooledConnAdapter.java:121)
	at org.apache.http.impl.client.DefaultRequestDirector.tryConnect(DefaultRequestDirector.java:561)
	at org.apache.http.impl.client.DefaultRequestDirector.execute(DefaultRequestDirector.java:415)
	at org.apache.http.impl.client.AbstractHttpClient.execute(AbstractHttpClient.java:820)
	at org.openqa.selenium.remote.HttpCommandExecutor.fallBackExecute(HttpCommandExecutor.java:319)
	at org.openqa.selenium.remote.HttpCommandExecutor.execute(HttpCommandExecutor.java:297)
	at org.openqa.selenium.firefox.internal.NewProfileExtensionConnection.execute(NewProfileExtensionConnection.java:136)
	at org.openqa.selenium.firefox.FirefoxDriver$LazyCommandExecutor.execute(FirefoxDriver.java:325)
	at org.openqa.selenium.remote.RemoteWebDriver.execute(RemoteWebDriver.java:446)
	... 35 more
Caused by: java.net.ConnectException: Connection refused: connect
	at java.net.DualStackPlainSocketImpl.waitForConnect(Native Method)
	at java.net.DualStackPlainSocketImpl.socketConnect(DualStackPlainSocketImpl.java:75)
	at java.net.AbstractPlainSocketImpl.doConnect(AbstractPlainSocketImpl.java:339)
	at java.net.AbstractPlainSocketImpl.connectToAddress(AbstractPlainSocketImpl.java:200)
	at java.net.AbstractPlainSocketImpl.connect(AbstractPlainSocketImpl.java:182)
	at java.net.PlainSocketImpl.connect(PlainSocketImpl.java:157)
	at java.net.SocksSocketImpl.connect(SocksSocketImpl.java:391)
	at java.net.Socket.connect(Socket.java:579)
	at org.apache.http.conn.scheme.PlainSocketFactory.connectSocket(PlainSocketFactory.java:123)
	at org.apache.http.impl.conn.DefaultClientConnectionOperator.openConnection(DefaultClientConnectionOperator.java:148)
	... 45 more
</failure>
    <system-out>Step 1:-- CSR journey started.......... User ID is:---csr_websel_08_17_13_09_52@zaqwsx.com
</system-out>
  </testcase>
  <testcase time="0.999" classname="ACS_CRMN.CSRjourney" name="B_custBankDetails">
    <failure message="Error communicating with the remote browser. It may have died.
Build info: version: &apos;unknown&apos;, revision: &apos;unknown&apos;, time: &apos;unknown&apos;
System info: os.name: &apos;Windows 7&apos;, os.arch: &apos;x86&apos;, os.version: &apos;6.1&apos;, java.version: &apos;1.7.0_06&apos;
Driver info: driver.version: RemoteWebDriver" type="org.openqa.selenium.remote.UnreachableBrowserException">org.openqa.selenium.remote.UnreachableBrowserException: Error communicating with the remote browser. It may have died.
Build info: version: &apos;unknown&apos;, revision: &apos;unknown&apos;, time: &apos;unknown&apos;
System info: os.name: &apos;Windows 7&apos;, os.arch: &apos;x86&apos;, os.version: &apos;6.1&apos;, java.version: &apos;1.7.0_06&apos;
Driver info: driver.version: RemoteWebDriver
	at org.openqa.selenium.remote.RemoteWebDriver.execute(RemoteWebDriver.java:467)
	at org.openqa.selenium.remote.RemoteWebDriver.findElement(RemoteWebDriver.java:242)
	at org.openqa.selenium.remote.RemoteWebDriver.findElementByXPath(RemoteWebDriver.java:327)
	at org.openqa.selenium.By$ByXPath.findElement(By.java:343)
	at org.openqa.selenium.remote.RemoteWebDriver.findElement(RemoteWebDriver.java:234)
	at ACS_CRMN.CSRBaseClass.BankDetails(CSRBaseClass.java:111)
	at ACS_CRMN.CSRjourney.B_custBankDetails(CSRjourney.java:33)
Caused by: org.apache.http.conn.HttpHostConnectException: Connection to http://127.0.0.1:7055 refused
	at org.apache.http.impl.conn.DefaultClientConnectionOperator.openConnection(DefaultClientConnectionOperator.java:158)
	at org.apache.http.impl.conn.AbstractPoolEntry.open(AbstractPoolEntry.java:149)
	at org.apache.http.impl.conn.AbstractPooledConnAdapter.open(AbstractPooledConnAdapter.java:121)
	at org.apache.http.impl.client.DefaultRequestDirector.tryConnect(DefaultRequestDirector.java:561)
	at org.apache.http.impl.client.DefaultRequestDirector.execute(DefaultRequestDirector.java:415)
	at org.apache.http.impl.client.AbstractHttpClient.execute(AbstractHttpClient.java:820)
	at org.openqa.selenium.remote.HttpCommandExecutor.fallBackExecute(HttpCommandExecutor.java:319)
	at org.openqa.selenium.remote.HttpCommandExecutor.execute(HttpCommandExecutor.java:297)
	at org.openqa.selenium.firefox.internal.NewProfileExtensionConnection.execute(NewProfileExtensionConnection.java:136)
	at org.openqa.selenium.firefox.FirefoxDriver$LazyCommandExecutor.execute(FirefoxDriver.java:325)
	at org.openqa.selenium.remote.RemoteWebDriver.execute(RemoteWebDriver.java:446)
	... 35 more
Caused by: java.net.ConnectException: Connection refused: connect
	at java.net.DualStackPlainSocketImpl.waitForConnect(Native Method)
	at java.net.DualStackPlainSocketImpl.socketConnect(DualStackPlainSocketImpl.java:75)
	at java.net.AbstractPlainSocketImpl.doConnect(AbstractPlainSocketImpl.java:339)
	at java.net.AbstractPlainSocketImpl.connectToAddress(AbstractPlainSocketImpl.java:200)
	at java.net.AbstractPlainSocketImpl.connect(AbstractPlainSocketImpl.java:182)
	at java.net.PlainSocketImpl.connect(PlainSocketImpl.java:157)
	at java.net.SocksSocketImpl.connect(SocksSocketImpl.java:391)
	at java.net.Socket.connect(Socket.java:579)
	at org.apache.http.conn.scheme.PlainSocketFactory.connectSocket(PlainSocketFactory.java:123)
	at org.apache.http.impl.conn.DefaultClientConnectionOperator.openConnection(DefaultClientConnectionOperator.java:148)
	... 45 more
</failure>
  </testcase>
  <testcase time="5.906" classname="ACS_CRMN.CSRjourney" name="C_CheckProfile">
    <failure message="A JSONObject text must begin with &apos;{&apos; at character 0" type="org.json.JSONException">org.json.JSONException: A JSONObject text must begin with &apos;{&apos; at character 0
	at org.json.JSONTokener.syntaxError(JSONTokener.java:496)
	at org.json.JSONObject.&lt;init&gt;(JSONObject.java:180)
	at org.json.JSONObject.&lt;init&gt;(JSONObject.java:403)
	at ACS_CRMN.AcsCalls.custProfile(AcsCalls.java:23)
	at ACS_CRMN.CSRjourney.C_CheckProfile(CSRjourney.java:46)
</failure>
    <system-out>Step 2:-- Call out ACS to compare values entered in web journey.....
</system-out>
  </testcase>
  <testcase time="0.193" classname="ACS_CRMN.CSRjourney" name="D_CheckEntitlement">
    <failure message="A JSONObject text must begin with &apos;{&apos; at character 0" type="org.json.JSONException">org.json.JSONException: A JSONObject text must begin with &apos;{&apos; at character 0
	at org.json.JSONTokener.syntaxError(JSONTokener.java:496)
	at org.json.JSONObject.&lt;init&gt;(JSONObject.java:180)
	at org.json.JSONObject.&lt;init&gt;(JSONObject.java:403)
	at ACS_CRMN.AcsCalls.custEntitlements(AcsCalls.java:55)
	at ACS_CRMN.CSRjourney.D_CheckEntitlement(CSRjourney.java:59)
</failure>
    <system-out>Step 4:-- Call out ACS to check entitlements.....
</system-out>
  </testcase>
  <testcase time="10.456" classname="ACS_CRMN.TLSjourney" name="A_TLSwebJourney">
    <failure message="Error communicating with the remote browser. It may have died.
Build info: version: &apos;unknown&apos;, revision: &apos;unknown&apos;, time: &apos;unknown&apos;
System info: os.name: &apos;Windows 7&apos;, os.arch: &apos;x86&apos;, os.version: &apos;6.1&apos;, java.version: &apos;1.7.0_06&apos;
Driver info: driver.version: RemoteWebDriver" type="org.openqa.selenium.remote.UnreachableBrowserException">org.openqa.selenium.remote.UnreachableBrowserException: Error communicating with the remote browser. It may have died.
Build info: version: &apos;unknown&apos;, revision: &apos;unknown&apos;, time: &apos;unknown&apos;
System info: os.name: &apos;Windows 7&apos;, os.arch: &apos;x86&apos;, os.version: &apos;6.1&apos;, java.version: &apos;1.7.0_06&apos;
Driver info: driver.version: RemoteWebDriver
	at org.openqa.selenium.remote.RemoteWebDriver.execute(RemoteWebDriver.java:467)
	at org.openqa.selenium.remote.RemoteWebDriver.findElement(RemoteWebDriver.java:242)
	at org.openqa.selenium.remote.RemoteWebDriver.findElementById(RemoteWebDriver.java:271)
	at org.openqa.selenium.By$ById.findElement(By.java:215)
	at org.openqa.selenium.remote.RemoteWebDriver.findElement(RemoteWebDriver.java:234)
	at ACS_CRMN.TLSbaseClass.TLSwebjourney1(TLSbaseClass.java:52)
	at ACS_CRMN.TLSjourney.A_TLSwebJourney(TLSjourney.java:23)
Caused by: org.apache.http.conn.HttpHostConnectException: Connection to http://127.0.0.1:7055 refused
	at org.apache.http.impl.conn.DefaultClientConnectionOperator.openConnection(DefaultClientConnectionOperator.java:158)
	at org.apache.http.impl.conn.AbstractPoolEntry.open(AbstractPoolEntry.java:149)
	at org.apache.http.impl.conn.AbstractPooledConnAdapter.open(AbstractPooledConnAdapter.java:121)
	at org.apache.http.impl.client.DefaultRequestDirector.tryConnect(DefaultRequestDirector.java:561)
	at org.apache.http.impl.client.DefaultRequestDirector.execute(DefaultRequestDirector.java:415)
	at org.apache.http.impl.client.AbstractHttpClient.execute(AbstractHttpClient.java:820)
	at org.openqa.selenium.remote.HttpCommandExecutor.fallBackExecute(HttpCommandExecutor.java:337)
	at org.openqa.selenium.remote.HttpCommandExecutor.execute(HttpCommandExecutor.java:297)
	at org.openqa.selenium.firefox.internal.NewProfileExtensionConnection.execute(NewProfileExtensionConnection.java:136)
	at org.openqa.selenium.firefox.FirefoxDriver$LazyCommandExecutor.execute(FirefoxDriver.java:325)
	at org.openqa.selenium.remote.RemoteWebDriver.execute(RemoteWebDriver.java:446)
	... 35 more
Caused by: java.net.ConnectException: Connection refused: connect
	at java.net.DualStackPlainSocketImpl.waitForConnect(Native Method)
	at java.net.DualStackPlainSocketImpl.socketConnect(DualStackPlainSocketImpl.java:75)
	at java.net.AbstractPlainSocketImpl.doConnect(AbstractPlainSocketImpl.java:339)
	at java.net.AbstractPlainSocketImpl.connectToAddress(AbstractPlainSocketImpl.java:200)
	at java.net.AbstractPlainSocketImpl.connect(AbstractPlainSocketImpl.java:182)
	at java.net.PlainSocketImpl.connect(PlainSocketImpl.java:157)
	at java.net.SocksSocketImpl.connect(SocksSocketImpl.java:391)
	at java.net.Socket.connect(Socket.java:579)
	at org.apache.http.conn.scheme.PlainSocketFactory.connectSocket(PlainSocketFactory.java:123)
	at org.apache.http.impl.conn.DefaultClientConnectionOperator.openConnection(DefaultClientConnectionOperator.java:148)
	... 45 more
</failure>
    <system-out>Step 1:-- Web journey - PART-1 started...stops beofre filling payment details....... User ID is:---websel_08_17_13_09_52@zaqwsx.com
</system-out>
  </testcase>
  <testcase time="5.18" classname="ACS_CRMN.TLSjourney" name="B_TLScheckProfile">
    <failure message="A JSONObject text must begin with &apos;{&apos; at character 0" type="org.json.JSONException">org.json.JSONException: A JSONObject text must begin with &apos;{&apos; at character 0
	at org.json.JSONTokener.syntaxError(JSONTokener.java:496)
	at org.json.JSONObject.&lt;init&gt;(JSONObject.java:180)
	at org.json.JSONObject.&lt;init&gt;(JSONObject.java:403)
	at ACS_CRMN.AcsCalls.custProfile(AcsCalls.java:23)
	at ACS_CRMN.TLSjourney.B_TLScheckProfile(TLSjourney.java:40)
</failure>
    <system-out>Step 2:-- Call out ACS to compare values entered in web journey.....
</system-out>
  </testcase>
  <testcase time="0.202" classname="ACS_CRMN.TLSjourney" name="D_CheckEntitlement">
    <failure message="A JSONObject text must begin with &apos;{&apos; at character 0" type="org.json.JSONException">org.json.JSONException: A JSONObject text must begin with &apos;{&apos; at character 0
	at org.json.JSONTokener.syntaxError(JSONTokener.java:496)
	at org.json.JSONObject.&lt;init&gt;(JSONObject.java:180)
	at org.json.JSONObject.&lt;init&gt;(JSONObject.java:403)
	at ACS_CRMN.AcsCalls.custEntitlements(AcsCalls.java:55)
	at ACS_CRMN.TLSjourney.D_CheckEntitlement(TLSjourney.java:57)
</failure>
    <system-out>Step 3:-- Call out ACS to check entitlements.....
</system-out>
  </testcase>
  <testcase time="4.096" classname="ACS_CRMN.WebJourney" name="A_WebJourney1">
    <failure message="Error communicating with the remote browser. It may have died.
Build info: version: &apos;unknown&apos;, revision: &apos;unknown&apos;, time: &apos;unknown&apos;
System info: os.name: &apos;Windows 7&apos;, os.arch: &apos;x86&apos;, os.version: &apos;6.1&apos;, java.version: &apos;1.7.0_06&apos;
Driver info: driver.version: RemoteWebDriver" type="org.openqa.selenium.remote.UnreachableBrowserException">org.openqa.selenium.remote.UnreachableBrowserException: Error communicating with the remote browser. It may have died.
Build info: version: &apos;unknown&apos;, revision: &apos;unknown&apos;, time: &apos;unknown&apos;
System info: os.name: &apos;Windows 7&apos;, os.arch: &apos;x86&apos;, os.version: &apos;6.1&apos;, java.version: &apos;1.7.0_06&apos;
Driver info: driver.version: RemoteWebDriver
	at org.openqa.selenium.remote.RemoteWebDriver.execute(RemoteWebDriver.java:467)
	at org.openqa.selenium.remote.RemoteWebDriver.get(RemoteWebDriver.java:216)
	at ACS_CRMN.WebJourneyBaseClass.webjourney1(WebJourneyBaseClass.java:50)
	at ACS_CRMN.WebJourney.A_WebJourney1(WebJourney.java:23)
Caused by: org.apache.http.conn.HttpHostConnectException: Connection to http://127.0.0.1:7055 refused
	at org.apache.http.impl.conn.DefaultClientConnectionOperator.openConnection(DefaultClientConnectionOperator.java:158)
	at org.apache.http.impl.conn.AbstractPoolEntry.open(AbstractPoolEntry.java:149)
	at org.apache.http.impl.conn.AbstractPooledConnAdapter.open(AbstractPooledConnAdapter.java:121)
	at org.apache.http.impl.client.DefaultRequestDirector.tryConnect(DefaultRequestDirector.java:561)
	at org.apache.http.impl.client.DefaultRequestDirector.execute(DefaultRequestDirector.java:415)
	at org.apache.http.impl.client.AbstractHttpClient.execute(AbstractHttpClient.java:820)
	at org.openqa.selenium.remote.HttpCommandExecutor.fallBackExecute(HttpCommandExecutor.java:337)
	at org.openqa.selenium.remote.HttpCommandExecutor.execute(HttpCommandExecutor.java:297)
	at org.openqa.selenium.firefox.internal.NewProfileExtensionConnection.execute(NewProfileExtensionConnection.java:136)
	at org.openqa.selenium.firefox.FirefoxDriver$LazyCommandExecutor.execute(FirefoxDriver.java:325)
	at org.openqa.selenium.remote.RemoteWebDriver.execute(RemoteWebDriver.java:446)
	... 32 more
Caused by: java.net.ConnectException: Connection refused: connect
	at java.net.DualStackPlainSocketImpl.waitForConnect(Native Method)
	at java.net.DualStackPlainSocketImpl.socketConnect(DualStackPlainSocketImpl.java:75)
	at java.net.AbstractPlainSocketImpl.doConnect(AbstractPlainSocketImpl.java:339)
	at java.net.AbstractPlainSocketImpl.connectToAddress(AbstractPlainSocketImpl.java:200)
	at java.net.AbstractPlainSocketImpl.connect(AbstractPlainSocketImpl.java:182)
	at java.net.PlainSocketImpl.connect(PlainSocketImpl.java:157)
	at java.net.SocksSocketImpl.connect(SocksSocketImpl.java:391)
	at java.net.Socket.connect(Socket.java:579)
	at org.apache.http.conn.scheme.PlainSocketFactory.connectSocket(PlainSocketFactory.java:123)
	at org.apache.http.impl.conn.DefaultClientConnectionOperator.openConnection(DefaultClientConnectionOperator.java:148)
	... 42 more
</failure>
    <system-out>Step 1:-- Web journey - PART-1 started...stops beofre filling payment details....... User ID is:---websel_08_17_13_09_52@zaqwsx.com
</system-out>
  </testcase>
  <testcase time="5.172" classname="ACS_CRMN.WebJourney" name="B_CheckProfile">
    <failure message="A JSONObject text must begin with &apos;{&apos; at character 0" type="org.json.JSONException">org.json.JSONException: A JSONObject text must begin with &apos;{&apos; at character 0
	at org.json.JSONTokener.syntaxError(JSONTokener.java:496)
	at org.json.JSONObject.&lt;init&gt;(JSONObject.java:180)
	at org.json.JSONObject.&lt;init&gt;(JSONObject.java:403)
	at ACS_CRMN.AcsCalls.custProfile(AcsCalls.java:23)
	at ACS_CRMN.WebJourney.B_CheckProfile(WebJourney.java:38)
</failure>
    <system-out>Step 2:-- Call out ACS to compare values entered in web journey.....
</system-out>
  </testcase>
  <testcase time="1.006" classname="ACS_CRMN.WebJourney" name="C_WebJourney2">
    <failure message="Error communicating with the remote browser. It may have died.
Build info: version: &apos;unknown&apos;, revision: &apos;unknown&apos;, time: &apos;unknown&apos;
System info: os.name: &apos;Windows 7&apos;, os.arch: &apos;x86&apos;, os.version: &apos;6.1&apos;, java.version: &apos;1.7.0_06&apos;
Driver info: driver.version: RemoteWebDriver" type="org.openqa.selenium.remote.UnreachableBrowserException">org.openqa.selenium.remote.UnreachableBrowserException: Error communicating with the remote browser. It may have died.
Build info: version: &apos;unknown&apos;, revision: &apos;unknown&apos;, time: &apos;unknown&apos;
System info: os.name: &apos;Windows 7&apos;, os.arch: &apos;x86&apos;, os.version: &apos;6.1&apos;, java.version: &apos;1.7.0_06&apos;
Driver info: driver.version: RemoteWebDriver
	at org.openqa.selenium.remote.RemoteWebDriver.execute(RemoteWebDriver.java:467)
	at org.openqa.selenium.remote.RemoteWebDriver.findElement(RemoteWebDriver.java:242)
	at org.openqa.selenium.remote.RemoteWebDriver.findElementById(RemoteWebDriver.java:271)
	at org.openqa.selenium.By$ById.findElement(By.java:215)
	at org.openqa.selenium.remote.RemoteWebDriver.findElement(RemoteWebDriver.java:234)
	at ACS_CRMN.WebJourneyBaseClass.webjourney2(WebJourneyBaseClass.java:92)
	at ACS_CRMN.WebJourney.C_WebJourney2(WebJourney.java:50)
Caused by: org.apache.http.conn.HttpHostConnectException: Connection to http://127.0.0.1:7055 refused
	at org.apache.http.impl.conn.DefaultClientConnectionOperator.openConnection(DefaultClientConnectionOperator.java:158)
	at org.apache.http.impl.conn.AbstractPoolEntry.open(AbstractPoolEntry.java:149)
	at org.apache.http.impl.conn.AbstractPooledConnAdapter.open(AbstractPooledConnAdapter.java:121)
	at org.apache.http.impl.client.DefaultRequestDirector.tryConnect(DefaultRequestDirector.java:561)
	at org.apache.http.impl.client.DefaultRequestDirector.execute(DefaultRequestDirector.java:415)
	at org.apache.http.impl.client.AbstractHttpClient.execute(AbstractHttpClient.java:820)
	at org.openqa.selenium.remote.HttpCommandExecutor.fallBackExecute(HttpCommandExecutor.java:319)
	at org.openqa.selenium.remote.HttpCommandExecutor.execute(HttpCommandExecutor.java:297)
	at org.openqa.selenium.firefox.internal.NewProfileExtensionConnection.execute(NewProfileExtensionConnection.java:136)
	at org.openqa.selenium.firefox.FirefoxDriver$LazyCommandExecutor.execute(FirefoxDriver.java:325)
	at org.openqa.selenium.remote.RemoteWebDriver.execute(RemoteWebDriver.java:446)
	... 35 more
Caused by: java.net.ConnectException: Connection refused: connect
	at java.net.DualStackPlainSocketImpl.waitForConnect(Native Method)
	at java.net.DualStackPlainSocketImpl.socketConnect(DualStackPlainSocketImpl.java:75)
	at java.net.AbstractPlainSocketImpl.doConnect(AbstractPlainSocketImpl.java:339)
	at java.net.AbstractPlainSocketImpl.connectToAddress(AbstractPlainSocketImpl.java:200)
	at java.net.AbstractPlainSocketImpl.connect(AbstractPlainSocketImpl.java:182)
	at java.net.PlainSocketImpl.connect(PlainSocketImpl.java:157)
	at java.net.SocksSocketImpl.connect(SocksSocketImpl.java:391)
	at java.net.Socket.connect(Socket.java:579)
	at org.apache.http.conn.scheme.PlainSocketFactory.connectSocket(PlainSocketFactory.java:123)
	at org.apache.http.impl.conn.DefaultClientConnectionOperator.openConnection(DefaultClientConnectionOperator.java:148)
	... 45 more
</failure>
    <system-out>Step 3 :-- Web journey PART-2 fill payment details and save.......
</system-out>
  </testcase>
  <testcase time="0.16" classname="ACS_CRMN.WebJourney" name="D_CheckEntitlement">
    <failure message="A JSONObject text must begin with &apos;{&apos; at character 0" type="org.json.JSONException">org.json.JSONException: A JSONObject text must begin with &apos;{&apos; at character 0
	at org.json.JSONTokener.syntaxError(JSONTokener.java:496)
	at org.json.JSONObject.&lt;init&gt;(JSONObject.java:180)
	at org.json.JSONObject.&lt;init&gt;(JSONObject.java:403)
	at ACS_CRMN.AcsCalls.custEntitlements(AcsCalls.java:55)
	at ACS_CRMN.WebJourney.D_CheckEntitlement(WebJourney.java:60)
</failure>
    <system-out>Step 4:-- Call out ACS to check entitlements.....
</system-out>
  </testcase>
  <testcase time="6.001" classname="ACS_CRMN.WebJourney" name="E_WebJourneyEdit">
    <failure message="Error communicating with the remote browser. It may have died.
Build info: version: &apos;unknown&apos;, revision: &apos;unknown&apos;, time: &apos;unknown&apos;
System info: os.name: &apos;Windows 7&apos;, os.arch: &apos;x86&apos;, os.version: &apos;6.1&apos;, java.version: &apos;1.7.0_06&apos;
Driver info: driver.version: RemoteWebDriver" type="org.openqa.selenium.remote.UnreachableBrowserException">org.openqa.selenium.remote.UnreachableBrowserException: Error communicating with the remote browser. It may have died.
Build info: version: &apos;unknown&apos;, revision: &apos;unknown&apos;, time: &apos;unknown&apos;
System info: os.name: &apos;Windows 7&apos;, os.arch: &apos;x86&apos;, os.version: &apos;6.1&apos;, java.version: &apos;1.7.0_06&apos;
Driver info: driver.version: RemoteWebDriver
	at org.openqa.selenium.remote.RemoteWebDriver.execute(RemoteWebDriver.java:467)
	at org.openqa.selenium.remote.RemoteWebDriver.findElement(RemoteWebDriver.java:242)
	at org.openqa.selenium.remote.RemoteWebDriver.findElementByXPath(RemoteWebDriver.java:327)
	at org.openqa.selenium.By$ByXPath.findElement(By.java:343)
	at org.openqa.selenium.remote.RemoteWebDriver.findElement(RemoteWebDriver.java:234)
	at ACS_CRMN.WebJourneyBaseClass.webjourneyEdit(WebJourneyBaseClass.java:109)
	at ACS_CRMN.WebJourney.E_WebJourneyEdit(WebJourney.java:71)
Caused by: org.apache.http.conn.HttpHostConnectException: Connection to http://127.0.0.1:7055 refused
	at org.apache.http.impl.conn.DefaultClientConnectionOperator.openConnection(DefaultClientConnectionOperator.java:158)
	at org.apache.http.impl.conn.AbstractPoolEntry.open(AbstractPoolEntry.java:149)
	at org.apache.http.impl.conn.AbstractPooledConnAdapter.open(AbstractPooledConnAdapter.java:121)
	at org.apache.http.impl.client.DefaultRequestDirector.tryConnect(DefaultRequestDirector.java:561)
	at org.apache.http.impl.client.DefaultRequestDirector.execute(DefaultRequestDirector.java:415)
	at org.apache.http.impl.client.AbstractHttpClient.execute(AbstractHttpClient.java:820)
	at org.openqa.selenium.remote.HttpCommandExecutor.fallBackExecute(HttpCommandExecutor.java:319)
	at org.openqa.selenium.remote.HttpCommandExecutor.execute(HttpCommandExecutor.java:297)
	at org.openqa.selenium.firefox.internal.NewProfileExtensionConnection.execute(NewProfileExtensionConnection.java:136)
	at org.openqa.selenium.firefox.FirefoxDriver$LazyCommandExecutor.execute(FirefoxDriver.java:325)
	at org.openqa.selenium.remote.RemoteWebDriver.execute(RemoteWebDriver.java:446)
	... 35 more
Caused by: java.net.ConnectException: Connection refused: connect
	at java.net.DualStackPlainSocketImpl.waitForConnect(Native Method)
	at java.net.DualStackPlainSocketImpl.socketConnect(DualStackPlainSocketImpl.java:75)
	at java.net.AbstractPlainSocketImpl.doConnect(AbstractPlainSocketImpl.java:339)
	at java.net.AbstractPlainSocketImpl.connectToAddress(AbstractPlainSocketImpl.java:200)
	at java.net.AbstractPlainSocketImpl.connect(AbstractPlainSocketImpl.java:182)
	at java.net.PlainSocketImpl.connect(PlainSocketImpl.java:157)
	at java.net.SocksSocketImpl.connect(SocksSocketImpl.java:391)
	at java.net.Socket.connect(Socket.java:579)
	at org.apache.http.conn.scheme.PlainSocketFactory.connectSocket(PlainSocketFactory.java:123)
	at org.apache.http.impl.conn.DefaultClientConnectionOperator.openConnection(DefaultClientConnectionOperator.java:148)
	... 45 more
</failure>
    <system-out>Step 5:--- Editing user detals in middle of journey.........
</system-out>
  </testcase>
  <testcase time="5.177" classname="ACS_CRMN.WebJourney" name="F_checkProfile">
    <failure message="A JSONObject text must begin with &apos;{&apos; at character 0" type="org.json.JSONException">org.json.JSONException: A JSONObject text must begin with &apos;{&apos; at character 0
	at org.json.JSONTokener.syntaxError(JSONTokener.java:496)
	at org.json.JSONObject.&lt;init&gt;(JSONObject.java:180)
	at org.json.JSONObject.&lt;init&gt;(JSONObject.java:403)
	at ACS_CRMN.AcsCalls.custProfile(AcsCalls.java:23)
	at ACS_CRMN.WebJourney.F_checkProfile(WebJourney.java:80)
</failure>
    <system-out>Step 6:-- Call out ACS to compare updated values in web journey.....
</system-out>
  </testcase>
  <testcase time="0.132" classname="ACS_CRMN.WebJourney" name="G_CheckEntitlement">
    <failure message="A JSONObject text must begin with &apos;{&apos; at character 0" type="org.json.JSONException">org.json.JSONException: A JSONObject text must begin with &apos;{&apos; at character 0
	at org.json.JSONTokener.syntaxError(JSONTokener.java:496)
	at org.json.JSONObject.&lt;init&gt;(JSONObject.java:180)
	at org.json.JSONObject.&lt;init&gt;(JSONObject.java:403)
	at ACS_CRMN.AcsCalls.custEntitlements(AcsCalls.java:55)
	at ACS_CRMN.WebJourney.G_CheckEntitlement(WebJourney.java:90)
</failure>
    <system-out>Step 7:-- Call out ACS to check entitlements..Should exist now...
</system-out>
  </testcase>
</testsuite>