<?xml version="1.0" encoding="UTF-8"?>
<!-- Generated by org.testng.reporters.JUnitXMLReporter -->
<testsuite hostname="D103260" name="Webjourney" tests="13" failures="1" timestamp="3 Sep 2012 16:29:57 GMT" time="239.11" errors="0">
  <testcase name="A_WebJourney1" time="37.407" classname="ACS_CRMN.WebJourney"/>
  <testcase name="B_CheckProfile" time="10.935" classname="ACS_CRMN.WebJourney"/>
  <testcase name="C_WebJourney2" time="10.532" classname="ACS_CRMN.WebJourney"/>
  <testcase name="D_CheckEntitlement" time="5.335" classname="ACS_CRMN.WebJourney"/>
  <testcase name="E_WebJourneyEdit" time="37.387" classname="ACS_CRMN.WebJourney"/>
  <testcase name="G_CheckEntitlement" time="0.173" classname="ACS_CRMN.WebJourney"/>
  <testcase name="A_custCreation" time="33.785" classname="ACS_CRMN.CSRjourney"/>
  <testcase name="C_CheckProfile" time="5.199" classname="ACS_CRMN.CSRjourney"/>
  <testcase name="B_custBankDetails" time="15.297" classname="ACS_CRMN.CSRjourney"/>
  <testcase name="D_CheckEntitlement" time="0.203" classname="ACS_CRMN.CSRjourney">
    <failure type="java.lang.AssertionError" message="Entitlements  before updation...should be zero....... expected:&amp;lt;true&amp;gt; but was:&amp;lt;false&amp;gt;">
      <![CDATA[java.lang.AssertionError: Entitlements  before updation...should be zero....... expected:<true> but was:<false>
	at ACS_CRMN.CSRjourney.D_CheckEntitlement(CSRjourney.java:61)
... Removed 28 stack frames]]>
    </failure>
  </testcase> <!-- D_CheckEntitlement -->
  <testcase name="A_TLSwebJourney" time="22.441" classname="ACS_CRMN.TLSjourney"/>
  <testcase name="B_TLScheckProfile" time="10.157" classname="ACS_CRMN.TLSjourney"/>
  <testcase name="D_CheckEntitlement" time="5.346" classname="ACS_CRMN.TLSjourney"/>
</testsuite> <!-- Webjourney -->
