<?xml version="1.0" encoding="UTF-8"?>
<testng-results skipped="0" failed="0" total="10" passed="10">
  <reporter-output>
  </reporter-output>
  <suite name="CRMN" duration-ms="244594" started-at="2012-08-16T14:54:26Z" finished-at="2012-08-16T14:58:31Z">
    <groups>
      <group name="a">
        <method signature="CSRjourney.A_custCreation()[pri:0, instance:ACS_CRMN.CSRjourney@1dfafd1]" name="A_custCreation" class="ACS_CRMN.CSRjourney"/>
        <method signature="CSRjourney.B_custBankDetails()[pri:0, instance:ACS_CRMN.CSRjourney@1dfafd1]" name="B_custBankDetails" class="ACS_CRMN.CSRjourney"/>
        <method signature="CSRjourney.C_CheckProfile()[pri:0, instance:ACS_CRMN.CSRjourney@1dfafd1]" name="C_CheckProfile" class="ACS_CRMN.CSRjourney"/>
        <method signature="CSRjourney.D_CheckEntitlement()[pri:0, instance:ACS_CRMN.CSRjourney@1dfafd1]" name="D_CheckEntitlement" class="ACS_CRMN.CSRjourney"/>
        <method signature="TLSjourney.A_TLSwebJourney()[pri:0, instance:ACS_CRMN.TLSjourney@329f3d]" name="A_TLSwebJourney" class="ACS_CRMN.TLSjourney"/>
        <method signature="TLSjourney.B_TLScheckProfile()[pri:0, instance:ACS_CRMN.TLSjourney@329f3d]" name="B_TLScheckProfile" class="ACS_CRMN.TLSjourney"/>
        <method signature="TLSjourney.D_CheckEntitlement()[pri:0, instance:ACS_CRMN.TLSjourney@329f3d]" name="D_CheckEntitlement" class="ACS_CRMN.TLSjourney"/>
        <method signature="WebJourney.A_WebJourney1()[pri:0, instance:ACS_CRMN.WebJourney@6f7ce9]" name="A_WebJourney1" class="ACS_CRMN.WebJourney"/>
        <method signature="WebJourney.B_CheckProfile()[pri:0, instance:ACS_CRMN.WebJourney@6f7ce9]" name="B_CheckProfile" class="ACS_CRMN.WebJourney"/>
        <method signature="WebJourney.C_WebJourney2()[pri:0, instance:ACS_CRMN.WebJourney@6f7ce9]" name="C_WebJourney2" class="ACS_CRMN.WebJourney"/>
      </group> <!-- a -->
    </groups>
    <test name="Webjourney" duration-ms="244594" started-at="2012-08-16T14:54:26Z" finished-at="2012-08-16T14:58:31Z">
      <class name="ACS_CRMN.WebJourney">
        <test-method status="PASS" signature="setUp()[pri:0, instance:ACS_CRMN.WebJourney@6f7ce9]" name="setUp" is-config="true" duration-ms="20668" started-at="2012-08-16T14:54:26Z" finished-at="2012-08-16T14:54:47Z">
        </test-method> <!-- setUp -->
        <test-method status="PASS" signature="A_WebJourney1()[pri:0, instance:ACS_CRMN.WebJourney@6f7ce9]" name="A_WebJourney1" duration-ms="35626" started-at="2012-08-16T14:54:47Z" finished-at="2012-08-16T14:55:22Z">
        </test-method> <!-- A_WebJourney1 -->
        <test-method status="PASS" signature="B_CheckProfile()[pri:0, instance:ACS_CRMN.WebJourney@6f7ce9]" name="B_CheckProfile" duration-ms="10898" started-at="2012-08-16T14:55:22Z" finished-at="2012-08-16T14:55:33Z">
        </test-method> <!-- B_CheckProfile -->
        <test-method status="PASS" signature="C_WebJourney2()[pri:0, instance:ACS_CRMN.WebJourney@6f7ce9]" name="C_WebJourney2" duration-ms="11598" started-at="2012-08-16T14:55:33Z" finished-at="2012-08-16T14:55:45Z">
        </test-method> <!-- C_WebJourney2 -->
      </class> <!-- ACS_CRMN.WebJourney -->
      <class name="ACS_CRMN.CSRjourney">
        <test-method status="PASS" signature="setUp()[pri:0, instance:ACS_CRMN.CSRjourney@1dfafd1]" name="setUp" is-config="true" duration-ms="18902" started-at="2012-08-16T14:55:45Z" finished-at="2012-08-16T14:56:04Z">
        </test-method> <!-- setUp -->
        <test-method status="PASS" signature="A_custCreation()[pri:0, instance:ACS_CRMN.CSRjourney@1dfafd1]" name="A_custCreation" duration-ms="38865" started-at="2012-08-16T14:56:04Z" finished-at="2012-08-16T14:56:43Z">
        </test-method> <!-- A_custCreation -->
        <test-method status="PASS" signature="B_custBankDetails()[pri:0, instance:ACS_CRMN.CSRjourney@1dfafd1]" name="B_custBankDetails" duration-ms="44573" started-at="2012-08-16T14:56:43Z" finished-at="2012-08-16T14:57:27Z">
        </test-method> <!-- B_custBankDetails -->
        <test-method status="PASS" signature="C_CheckProfile()[pri:0, instance:ACS_CRMN.CSRjourney@1dfafd1]" name="C_CheckProfile" duration-ms="5524" started-at="2012-08-16T14:57:27Z" finished-at="2012-08-16T14:57:33Z">
        </test-method> <!-- C_CheckProfile -->
        <test-method status="PASS" signature="D_CheckEntitlement()[pri:0, instance:ACS_CRMN.CSRjourney@1dfafd1]" name="D_CheckEntitlement" duration-ms="310" started-at="2012-08-16T14:57:33Z" finished-at="2012-08-16T14:57:33Z">
        </test-method> <!-- D_CheckEntitlement -->
      </class> <!-- ACS_CRMN.CSRjourney -->
      <class name="ACS_CRMN.TLSjourney">
        <test-method status="PASS" signature="setUp()[pri:0, instance:ACS_CRMN.TLSjourney@329f3d]" name="setUp" is-config="true" duration-ms="14375" started-at="2012-08-16T14:57:33Z" finished-at="2012-08-16T14:57:47Z">
        </test-method> <!-- setUp -->
        <test-method status="PASS" signature="A_TLSwebJourney()[pri:0, instance:ACS_CRMN.TLSjourney@329f3d]" name="A_TLSwebJourney" duration-ms="27900" started-at="2012-08-16T14:57:47Z" finished-at="2012-08-16T14:58:15Z">
        </test-method> <!-- A_TLSwebJourney -->
        <test-method status="PASS" signature="B_TLScheckProfile()[pri:0, instance:ACS_CRMN.TLSjourney@329f3d]" name="B_TLScheckProfile" duration-ms="10162" started-at="2012-08-16T14:58:15Z" finished-at="2012-08-16T14:58:25Z">
        </test-method> <!-- B_TLScheckProfile -->
        <test-method status="PASS" signature="D_CheckEntitlement()[pri:0, instance:ACS_CRMN.TLSjourney@329f3d]" name="D_CheckEntitlement" duration-ms="5179" started-at="2012-08-16T14:58:25Z" finished-at="2012-08-16T14:58:31Z">
        </test-method> <!-- D_CheckEntitlement -->
      </class> <!-- ACS_CRMN.TLSjourney -->
    </test> <!-- Webjourney -->
  </suite> <!-- CRMN -->
</testng-results>
