<?xml version="1.0" encoding="UTF-8"?>
<testng-results skipped="0" failed="1" total="13" passed="12">
  <reporter-output>
  </reporter-output>
  <suite name="CRMN" duration-ms="239110" started-at="2012-09-03T17:25:57Z" finished-at="2012-09-03T17:29:57Z">
    <groups>
      <group name="a">
        <method signature="CSRjourney.A_custCreation()[pri:0, instance:ACS_CRMN.CSRjourney@1bca5f1]" name="A_custCreation" class="ACS_CRMN.CSRjourney"/>
        <method signature="CSRjourney.B_custBankDetails()[pri:0, instance:ACS_CRMN.CSRjourney@1bca5f1]" name="B_custBankDetails" class="ACS_CRMN.CSRjourney"/>
        <method signature="CSRjourney.C_CheckProfile()[pri:0, instance:ACS_CRMN.CSRjourney@1bca5f1]" name="C_CheckProfile" class="ACS_CRMN.CSRjourney"/>
        <method signature="CSRjourney.D_CheckEntitlement()[pri:0, instance:ACS_CRMN.CSRjourney@1bca5f1]" name="D_CheckEntitlement" class="ACS_CRMN.CSRjourney"/>
        <method signature="TLSjourney.A_TLSwebJourney()[pri:0, instance:ACS_CRMN.TLSjourney@1dfafd1]" name="A_TLSwebJourney" class="ACS_CRMN.TLSjourney"/>
        <method signature="TLSjourney.B_TLScheckProfile()[pri:0, instance:ACS_CRMN.TLSjourney@1dfafd1]" name="B_TLScheckProfile" class="ACS_CRMN.TLSjourney"/>
        <method signature="TLSjourney.D_CheckEntitlement()[pri:0, instance:ACS_CRMN.TLSjourney@1dfafd1]" name="D_CheckEntitlement" class="ACS_CRMN.TLSjourney"/>
        <method signature="WebJourney.A_WebJourney1()[pri:0, instance:ACS_CRMN.WebJourney@6f7ce9]" name="A_WebJourney1" class="ACS_CRMN.WebJourney"/>
        <method signature="WebJourney.B_CheckProfile()[pri:0, instance:ACS_CRMN.WebJourney@6f7ce9]" name="B_CheckProfile" class="ACS_CRMN.WebJourney"/>
        <method signature="WebJourney.C_WebJourney2()[pri:0, instance:ACS_CRMN.WebJourney@6f7ce9]" name="C_WebJourney2" class="ACS_CRMN.WebJourney"/>
        <method signature="WebJourney.D_CheckEntitlement()[pri:0, instance:ACS_CRMN.WebJourney@6f7ce9]" name="D_CheckEntitlement" class="ACS_CRMN.WebJourney"/>
      </group> <!-- a -->
    </groups>
    <test name="Webjourney" duration-ms="239110" started-at="2012-09-03T17:25:57Z" finished-at="2012-09-03T17:29:57Z">
      <class name="ACS_CRMN.WebJourney">
        <test-method status="PASS" signature="setUp()[pri:0, instance:ACS_CRMN.WebJourney@6f7ce9]" name="setUp" is-config="true" duration-ms="16473" started-at="2012-09-03T17:25:57Z" finished-at="2012-09-03T17:26:14Z">
        </test-method> <!-- setUp -->
        <test-method status="PASS" signature="A_WebJourney1()[pri:0, instance:ACS_CRMN.WebJourney@6f7ce9]" name="A_WebJourney1" duration-ms="37407" started-at="2012-09-03T17:26:14Z" finished-at="2012-09-03T17:26:51Z">
        </test-method> <!-- A_WebJourney1 -->
        <test-method status="PASS" signature="B_CheckProfile()[pri:0, instance:ACS_CRMN.WebJourney@6f7ce9]" name="B_CheckProfile" duration-ms="10935" started-at="2012-09-03T17:26:51Z" finished-at="2012-09-03T17:27:02Z">
        </test-method> <!-- B_CheckProfile -->
        <test-method status="PASS" signature="C_WebJourney2()[pri:0, instance:ACS_CRMN.WebJourney@6f7ce9]" name="C_WebJourney2" duration-ms="10532" started-at="2012-09-03T17:27:02Z" finished-at="2012-09-03T17:27:13Z">
        </test-method> <!-- C_WebJourney2 -->
        <test-method status="PASS" signature="D_CheckEntitlement()[pri:0, instance:ACS_CRMN.WebJourney@6f7ce9]" name="D_CheckEntitlement" duration-ms="5335" started-at="2012-09-03T17:27:13Z" finished-at="2012-09-03T17:27:18Z">
        </test-method> <!-- D_CheckEntitlement -->
        <test-method status="PASS" signature="E_WebJourneyEdit()[pri:0, instance:ACS_CRMN.WebJourney@6f7ce9]" name="E_WebJourneyEdit" duration-ms="37387" started-at="2012-09-03T17:27:18Z" finished-at="2012-09-03T17:27:55Z">
        </test-method> <!-- E_WebJourneyEdit -->
        <test-method status="PASS" signature="G_CheckEntitlement()[pri:0, instance:ACS_CRMN.WebJourney@6f7ce9]" name="G_CheckEntitlement" duration-ms="173" started-at="2012-09-03T17:27:55Z" finished-at="2012-09-03T17:27:56Z">
        </test-method> <!-- G_CheckEntitlement -->
      </class> <!-- ACS_CRMN.WebJourney -->
      <class name="ACS_CRMN.CSRjourney">
        <test-method status="PASS" signature="setUp()[pri:0, instance:ACS_CRMN.CSRjourney@1bca5f1]" name="setUp" is-config="true" duration-ms="16309" started-at="2012-09-03T17:27:56Z" finished-at="2012-09-03T17:28:12Z">
        </test-method> <!-- setUp -->
        <test-method status="PASS" signature="A_custCreation()[pri:0, instance:ACS_CRMN.CSRjourney@1bca5f1]" name="A_custCreation" duration-ms="33785" started-at="2012-09-03T17:28:12Z" finished-at="2012-09-03T17:28:46Z">
        </test-method> <!-- A_custCreation -->
        <test-method status="PASS" signature="C_CheckProfile()[pri:0, instance:ACS_CRMN.CSRjourney@1bca5f1]" name="C_CheckProfile" duration-ms="5199" started-at="2012-09-03T17:28:46Z" finished-at="2012-09-03T17:28:51Z">
        </test-method> <!-- C_CheckProfile -->
        <test-method status="PASS" signature="B_custBankDetails()[pri:0, instance:ACS_CRMN.CSRjourney@1bca5f1]" name="B_custBankDetails" duration-ms="15297" started-at="2012-09-03T17:28:51Z" finished-at="2012-09-03T17:29:06Z">
        </test-method> <!-- B_custBankDetails -->
        <test-method status="FAIL" signature="D_CheckEntitlement()[pri:0, instance:ACS_CRMN.CSRjourney@1bca5f1]" name="D_CheckEntitlement" duration-ms="203" started-at="2012-09-03T17:29:06Z" finished-at="2012-09-03T17:29:06Z">
          <exception class="java.lang.AssertionError">
            <message>
              <![CDATA[Entitlements  before updation...should be zero....... expected:<true> but was:<false>]]>
            </message>
            <full-stacktrace>
              <![CDATA[java.lang.AssertionError: Entitlements  before updation...should be zero....... expected:<true> but was:<false>
	at org.testng.Assert.fail(Assert.java:89)
	at org.testng.Assert.failNotEquals(Assert.java:489)
	at org.testng.Assert.assertEquals(Assert.java:118)
	at org.testng.Assert.assertEquals(Assert.java:281)
	at ACS_CRMN.CSRjourney.D_CheckEntitlement(CSRjourney.java:61)
	at sun.reflect.NativeMethodAccessorImpl.invoke0(Native Method)
	at sun.reflect.NativeMethodAccessorImpl.invoke(Unknown Source)
	at sun.reflect.DelegatingMethodAccessorImpl.invoke(Unknown Source)
	at java.lang.reflect.Method.invoke(Unknown Source)
	at org.testng.internal.MethodInvocationHelper.invokeMethod(MethodInvocationHelper.java:80)
	at org.testng.internal.Invoker.invokeMethod(Invoker.java:702)
	at org.testng.internal.Invoker.invokeTestMethod(Invoker.java:894)
	at org.testng.internal.Invoker.invokeTestMethods(Invoker.java:1219)
	at org.testng.internal.TestMethodWorker.invokeTestMethods(TestMethodWorker.java:127)
	at org.testng.internal.TestMethodWorker.run(TestMethodWorker.java:111)
	at org.testng.TestRunner.privateRun(TestRunner.java:767)
	at org.testng.TestRunner.run(TestRunner.java:617)
	at org.testng.SuiteRunner.runTest(SuiteRunner.java:334)
	at org.testng.SuiteRunner.runSequentially(SuiteRunner.java:329)
	at org.testng.SuiteRunner.privateRun(SuiteRunner.java:291)
	at org.testng.SuiteRunner.run(SuiteRunner.java:240)
	at org.testng.SuiteRunnerWorker.runSuite(SuiteRunnerWorker.java:53)
	at org.testng.SuiteRunnerWorker.run(SuiteRunnerWorker.java:87)
	at org.testng.TestNG.runSuitesSequentially(TestNG.java:1197)
	at org.testng.TestNG.runSuitesLocally(TestNG.java:1122)
	at org.testng.TestNG.run(TestNG.java:1030)
	at org.testng.remote.RemoteTestNG.run(RemoteTestNG.java:111)
	at org.testng.remote.RemoteTestNG.initAndRun(RemoteTestNG.java:204)
	at org.testng.remote.RemoteTestNG.main(RemoteTestNG.java:175)
]]>
            </full-stacktrace>
          </exception> <!-- java.lang.AssertionError -->
        </test-method> <!-- D_CheckEntitlement -->
      </class> <!-- ACS_CRMN.CSRjourney -->
      <class name="ACS_CRMN.TLSjourney">
        <test-method status="PASS" signature="setUp()[pri:0, instance:ACS_CRMN.TLSjourney@1dfafd1]" name="setUp" is-config="true" duration-ms="12110" started-at="2012-09-03T17:29:06Z" finished-at="2012-09-03T17:29:19Z">
        </test-method> <!-- setUp -->
        <test-method status="PASS" signature="A_TLSwebJourney()[pri:0, instance:ACS_CRMN.TLSjourney@1dfafd1]" name="A_TLSwebJourney" duration-ms="22441" started-at="2012-09-03T17:29:19Z" finished-at="2012-09-03T17:29:41Z">
        </test-method> <!-- A_TLSwebJourney -->
        <test-method status="PASS" signature="B_TLScheckProfile()[pri:0, instance:ACS_CRMN.TLSjourney@1dfafd1]" name="B_TLScheckProfile" duration-ms="10157" started-at="2012-09-03T17:29:41Z" finished-at="2012-09-03T17:29:51Z">
        </test-method> <!-- B_TLScheckProfile -->
        <test-method status="PASS" signature="D_CheckEntitlement()[pri:0, instance:ACS_CRMN.TLSjourney@1dfafd1]" name="D_CheckEntitlement" duration-ms="5346" started-at="2012-09-03T17:29:51Z" finished-at="2012-09-03T17:29:57Z">
        </test-method> <!-- D_CheckEntitlement -->
      </class> <!-- ACS_CRMN.TLSjourney -->
    </test> <!-- Webjourney -->
  </suite> <!-- CRMN -->
</testng-results>
